<?xml version="1.0" encoding="UTF-8"?>
<!-- Generated by org.testng.reporters.JUnitReportReporter -->
<testsuite hostname="LAPTOP-JOF3SAFA" failures="0" tests="6" name="com.aashish.runners.RunnerTest" time="20.774" errors="0" timestamp="2025-05-03T18:04:12 IST" skipped="0">
  <testcase classname="com.aashish.runners.RunnerTest" name="runScenario" time="3.257"/>
  <testcase classname="com.aashish.runners.RunnerTest" name="runScenario" time="3.201"/>
  <testcase classname="com.aashish.runners.RunnerTest" name="runScenario" time="3.366"/>
  <testcase classname="com.aashish.runners.RunnerTest" name="runScenario" time="4.603"/>
  <testcase classname="com.aashish.runners.RunnerTest" name="runScenario" time="3.088"/>
  <testcase classname="com.aashish.runners.RunnerTest" name="runScenario" time="3.259"/>
</testsuite> <!-- com.aashish.runners.RunnerTest -->
