<?xml version="1.0" encoding="UTF-8"?>
<!-- Generated by org.testng.reporters.JUnitReportReporter -->
<testsuite hostname="LAPTOP-JOF3SAFA" failures="0" tests="6" name="com.aashish.runners.RunnerTest" time="20.820" errors="0" timestamp="2025-06-07T19:00:30 IST" skipped="0">
  <testcase classname="com.aashish.runners.RunnerTest" name="runScenario" time="3.052"/>
  <testcase classname="com.aashish.runners.RunnerTest" name="runScenario" time="3.035"/>
  <testcase classname="com.aashish.runners.RunnerTest" name="runScenario" time="5.427"/>
  <testcase classname="com.aashish.runners.RunnerTest" name="runScenario" time="3.003"/>
  <testcase classname="com.aashish.runners.RunnerTest" name="runScenario" time="3.155"/>
  <testcase classname="com.aashish.runners.RunnerTest" name="runScenario" time="3.148"/>
</testsuite> <!-- com.aashish.runners.RunnerTest -->
