<?xml version="1.0" encoding="UTF-8"?>
<!-- Generated by org.testng.reporters.JUnitReportReporter -->
<testsuite hostname="LAPTOP-JOF3SAFA" failures="0" tests="6" name="com.aashish.runners.RunnerTest" time="22.709" errors="0" timestamp="2025-05-04T01:13:32 IST" skipped="0">
  <testcase classname="com.aashish.runners.RunnerTest" name="runScenario" time="3.199"/>
  <testcase classname="com.aashish.runners.RunnerTest" name="runScenario" time="3.088"/>
  <testcase classname="com.aashish.runners.RunnerTest" name="runScenario" time="3.077"/>
  <testcase classname="com.aashish.runners.RunnerTest" name="runScenario" time="3.324"/>
  <testcase classname="com.aashish.runners.RunnerTest" name="runScenario" time="6.918"/>
  <testcase classname="com.aashish.runners.RunnerTest" name="runScenario" time="3.103"/>
</testsuite> <!-- com.aashish.runners.RunnerTest -->
